WARNING:root:trust_remote_code: True
WARNING:root:trust_remote_code: True
Notice: ffmpeg is not installed. torchaudio is used to load audio
If you want to use ffmpeg backend to load audio, please install it by:
	sudo apt install ffmpeg # ubuntu
	# brew install ffmpeg # mac
Loading Model directly...
funasr version: 1.2.7.
Downloading Model from https://www.modelscope.cn to directory: C:\Users\yoker\.cache\modelscope\hub\models\iic\SenseVoiceSmall
Loading remote code failed: model, No module named 'model'
Loading ravdess_data/03-01-05-01-01-01-01.wav...

--- Exp 10: SenseVoiceService Class ---
funasr version: 1.2.7.
Downloading Model from https://www.modelscope.cn to directory: C:\Users\yoker\.cache\modelscope\hub\models\iic\SenseVoiceSmall
Loading remote code failed: model, No module named 'model'
DEBUG: audio_np stats: min=-0.1497238129377365, max=0.18094424903392792, mean=1.6486166714457795e-05, shape=(185786,)
WARNING:root:trust_remote_code: True
funasr version: 1.2.7.
Downloading Model from https://www.modelscope.cn to directory: C:\Users\yoker\.cache\modelscope\hub\models\iic\SenseVoiceSmall
Loading remote code failed: model, No module named 'model'
  0%|[34m          [0m| 0/1 [00:00<?, ?it/s]100%|[34m##########[0m| 1/1 [00:00<00:00,  1.17it/s]{'load_data': '0.000', 'extract_feat': '0.016', 'forward': '0.853', 'batch_size': '1', 'rtf': '0.073'}, : 100%|[34m##########[0m| 1/1 [00:00<00:00,  1.17it/s]rtf_avg: 0.073: 100%|[34m##########[0m| 1/1 [00:00<00:00,  1.17it/s]                                                                                          rtf_avg: 0.073: 100%|[34m##########[0m| 1/1 [00:00<00:00,  1.17it/s]
DEBUG: Raw model result: [{'key': 'rand_key_2yW4Acq9GFz6Y', 'text': '<|en|><|EMO_UNKNOWN|><|BGM|><|withitn|>kage a turkey by.'}]
ERROR:vox-pathos:Inference error: 'SenseVoiceService' object has no attribute '_parse_output'
{'text': '', 'sentiment': 'error', 'confidence': 0.0}
